2022-06-24 19:41:08,809 - Client - Started
2022-06-24 19:41:08,810 - Server must be started before running this script
2022-06-24 19:41:09,833 - Message data:(evse,2021-08-31T16:48:48.651504,idle,stderr,Somethinghappened.)
2022-06-24 19:41:09,834 - Message data:(ocpp,2021-08-31T16:48:48.867408,initializing,stderr,Something happened.)
2022-06-24 19:41:09,834 - Message data:(evse,2021-08-31T16:48:49.027570,initializing,stderr,Something happened.)
2022-06-24 19:41:09,835 - Message data:(ocpp,2021-08-31T16:48:49.419006,idle,stdout,Somethinghappened.)
2022-06-24 19:41:10,837 - Message data:(evse,2021-08-31T16:48:48.651504,idle,stderr,Somethinghappened.)
2022-06-24 19:41:10,837 - Message data:(ocpp,2021-08-31T16:48:48.867408,initializing,stderr,Something happened.)
2022-06-24 19:41:10,837 - Message data:(evse,2021-08-31T16:48:49.027570,initializing,stderr,Something happened.)
2022-06-24 19:41:10,837 - Message data:(ocpp,2021-08-31T16:48:49.419006,idle,stdout,Somethinghappened.)
2022-06-24 19:41:11,839 - Message data:(evse,2021-08-31T16:48:48.651504,idle,stderr,Somethinghappened.)
2022-06-24 19:41:11,839 - Message data:(ocpp,2021-08-31T16:48:48.867408,initializing,stderr,Something happened.)
2022-06-24 19:41:11,839 - Message data:(evse,2021-08-31T16:48:49.027570,initializing,stderr,Something happened.)
2022-06-24 19:41:11,840 - Message data:(ocpp,2021-08-31T16:48:49.419006,idle,stdout,Somethinghappened.)
2022-06-24 20:02:04,922 - Client - Started
2022-06-24 20:02:04,940 - Server must be started before running this script
2022-06-24 20:02:11,433 - Message data:(evse,2021-08-31T16:48:48.651504,idle,stderr,Somethinghappened.)
2022-06-24 20:02:11,433 - Message data:(ocpp,2021-08-31T16:48:48.867408,initializing,stderr,Something happened.)
2022-06-24 20:02:11,434 - Message data:(evse,2021-08-31T16:48:49.027570,initializing,stderr,Something happened.)
2022-06-24 20:02:11,434 - Message data:(ocpp,2021-08-31T16:48:49.419006,idle,stdout,Somethinghappened.)
2022-06-24 20:02:12,436 - Message data:(evse,2021-08-31T16:48:48.651504,idle,stderr,Somethinghappened.)
2022-06-24 20:02:12,436 - Message data:(ocpp,2021-08-31T16:48:48.867408,initializing,stderr,Something happened.)
2022-06-24 20:02:12,436 - Message data:(evse,2021-08-31T16:48:49.027570,initializing,stderr,Something happened.)
2022-06-24 20:02:12,437 - Message data:(ocpp,2021-08-31T16:48:49.419006,idle,stdout,Somethinghappened.)
2022-06-24 20:02:13,439 - Message data:(evse,2021-08-31T16:48:48.651504,idle,stderr,Somethinghappened.)
2022-06-24 20:02:13,439 - Message data:(ocpp,2021-08-31T16:48:48.867408,initializing,stderr,Something happened.)
2022-06-24 20:02:13,440 - Message data:(evse,2021-08-31T16:48:49.027570,initializing,stderr,Something happened.)
2022-06-24 20:02:13,440 - Message data:(ocpp,2021-08-31T16:48:49.419006,idle,stdout,Somethinghappened.)
2022-06-24 20:02:14,442 - Message data:(evse,2021-08-31T16:48:48.651504,idle,stderr,Somethinghappened.)
2022-06-24 20:02:14,442 - Message data:(ocpp,2021-08-31T16:48:48.867408,initializing,stderr,Something happened.)
2022-06-24 20:02:14,443 - Message data:(evse,2021-08-31T16:48:49.027570,initializing,stderr,Something happened.)
2022-06-24 20:02:14,443 - Message data:(ocpp,2021-08-31T16:48:49.419006,idle,stdout,Somethinghappened.)
2022-06-24 20:02:15,445 - Message data:(evse,2021-08-31T16:48:48.651504,idle,stderr,Somethinghappened.)
2022-06-24 20:02:15,445 - Message data:(ocpp,2021-08-31T16:48:48.867408,initializing,stderr,Something happened.)
2022-06-24 20:02:15,445 - Message data:(evse,2021-08-31T16:48:49.027570,initializing,stderr,Something happened.)
2022-06-24 20:02:15,446 - Message data:(ocpp,2021-08-31T16:48:49.419006,idle,stdout,Somethinghappened.)
2022-06-24 20:02:16,447 - Message data:(evse,2021-08-31T16:48:48.651504,idle,stderr,Somethinghappened.)
2022-06-24 20:02:16,448 - Message data:(ocpp,2021-08-31T16:48:48.867408,initializing,stderr,Something happened.)
2022-06-24 20:02:16,448 - Message data:(evse,2021-08-31T16:48:49.027570,initializing,stderr,Something happened.)
2022-06-24 20:02:16,448 - Message data:(ocpp,2021-08-31T16:48:49.419006,idle,stdout,Somethinghappened.)
2022-06-24 20:02:17,450 - Message data:(evse,2021-08-31T16:48:48.651504,idle,stderr,Somethinghappened.)
2022-06-24 20:02:17,451 - Message data:(ocpp,2021-08-31T16:48:48.867408,initializing,stderr,Something happened.)
2022-06-24 20:02:17,451 - Message data:(evse,2021-08-31T16:48:49.027570,initializing,stderr,Something happened.)
2022-06-24 20:02:17,452 - Message data:(ocpp,2021-08-31T16:48:49.419006,idle,stdout,Somethinghappened.)
2022-06-24 20:02:18,454 - Message data:(evse,2021-08-31T16:48:48.651504,idle,stderr,Somethinghappened.)
2022-06-24 20:02:18,454 - Message data:(ocpp,2021-08-31T16:48:48.867408,initializing,stderr,Something happened.)
2022-06-24 20:02:18,454 - Message data:(evse,2021-08-31T16:48:49.027570,initializing,stderr,Something happened.)
2022-06-24 20:02:18,454 - Message data:(ocpp,2021-08-31T16:48:49.419006,idle,stdout,Somethinghappened.)
2022-06-24 20:02:19,457 - Message data:(evse,2021-08-31T16:48:48.651504,idle,stderr,Somethinghappened.)
2022-06-24 20:02:19,457 - Message data:(ocpp,2021-08-31T16:48:48.867408,initializing,stderr,Something happened.)
2022-06-24 20:02:19,458 - Message data:(evse,2021-08-31T16:48:49.027570,initializing,stderr,Something happened.)
2022-06-24 20:02:19,459 - Message data:(ocpp,2021-08-31T16:48:49.419006,idle,stdout,Somethinghappened.)
2022-06-24 20:02:20,461 - Message data:(evse,2021-08-31T16:48:48.651504,idle,stderr,Somethinghappened.)
2022-06-24 20:02:20,462 - Message data:(ocpp,2021-08-31T16:48:48.867408,initializing,stderr,Something happened.)
2022-06-24 20:02:20,462 - Message data:(evse,2021-08-31T16:48:49.027570,initializing,stderr,Something happened.)
2022-06-24 20:02:20,462 - Message data:(ocpp,2021-08-31T16:48:49.419006,idle,stdout,Somethinghappened.)
2022-06-24 20:02:21,464 - Message data:(evse,2021-08-31T16:48:48.651504,idle,stderr,Somethinghappened.)
2022-06-24 20:02:21,465 - Message data:(ocpp,2021-08-31T16:48:48.867408,initializing,stderr,Something happened.)
2022-06-24 20:02:21,465 - Message data:(evse,2021-08-31T16:48:49.027570,initializing,stderr,Something happened.)
2022-06-24 20:02:21,465 - Message data:(ocpp,2021-08-31T16:48:49.419006,idle,stdout,Somethinghappened.)
2022-06-24 20:02:22,467 - Message data:(evse,2021-08-31T16:48:48.651504,idle,stderr,Somethinghappened.)
2022-06-24 20:02:22,467 - Message data:(ocpp,2021-08-31T16:48:48.867408,initializing,stderr,Something happened.)
2022-06-24 20:02:22,468 - Message data:(evse,2021-08-31T16:48:49.027570,initializing,stderr,Something happened.)
2022-06-24 20:02:22,468 - Message data:(ocpp,2021-08-31T16:48:49.419006,idle,stdout,Somethinghappened.)
2022-06-24 20:02:23,470 - Message data:(evse,2021-08-31T16:48:48.651504,idle,stderr,Somethinghappened.)
2022-06-24 20:02:23,470 - Message data:(ocpp,2021-08-31T16:48:48.867408,initializing,stderr,Something happened.)
2022-06-24 20:02:23,471 - Message data:(evse,2021-08-31T16:48:49.027570,initializing,stderr,Something happened.)
2022-06-24 20:02:23,471 - Message data:(ocpp,2021-08-31T16:48:49.419006,idle,stdout,Somethinghappened.)
2022-06-24 20:02:24,473 - Message data:(evse,2021-08-31T16:48:48.651504,idle,stderr,Somethinghappened.)
2022-06-24 20:02:24,473 - Message data:(ocpp,2021-08-31T16:48:48.867408,initializing,stderr,Something happened.)
2022-06-24 20:02:24,474 - Message data:(evse,2021-08-31T16:48:49.027570,initializing,stderr,Something happened.)
2022-06-24 20:02:24,474 - Message data:(ocpp,2021-08-31T16:48:49.419006,idle,stdout,Somethinghappened.)
2022-06-24 20:02:25,476 - Message data:(evse,2021-08-31T16:48:48.651504,idle,stderr,Somethinghappened.)
2022-06-24 20:02:25,476 - Message data:(ocpp,2021-08-31T16:48:48.867408,initializing,stderr,Something happened.)
2022-06-24 20:02:25,476 - Message data:(evse,2021-08-31T16:48:49.027570,initializing,stderr,Something happened.)
2022-06-24 20:02:25,477 - Message data:(ocpp,2021-08-31T16:48:49.419006,idle,stdout,Somethinghappened.)
2022-06-24 20:02:26,478 - Message data:(evse,2021-08-31T16:48:48.651504,idle,stderr,Somethinghappened.)
2022-06-24 20:02:26,479 - Message data:(ocpp,2021-08-31T16:48:48.867408,initializing,stderr,Something happened.)
2022-06-24 20:02:26,480 - Message data:(evse,2021-08-31T16:48:49.027570,initializing,stderr,Something happened.)
2022-06-24 20:02:26,480 - Message data:(ocpp,2021-08-31T16:48:49.419006,idle,stdout,Somethinghappened.)
2022-06-24 20:02:27,482 - Message data:(evse,2021-08-31T16:48:48.651504,idle,stderr,Somethinghappened.)
2022-06-24 20:02:27,482 - Message data:(ocpp,2021-08-31T16:48:48.867408,initializing,stderr,Something happened.)
2022-06-24 20:02:27,483 - Message data:(evse,2021-08-31T16:48:49.027570,initializing,stderr,Something happened.)
2022-06-24 20:02:27,483 - Message data:(ocpp,2021-08-31T16:48:49.419006,idle,stdout,Somethinghappened.)
2022-06-24 20:02:28,485 - Message data:(evse,2021-08-31T16:48:48.651504,idle,stderr,Somethinghappened.)
2022-06-24 20:02:28,485 - Message data:(ocpp,2021-08-31T16:48:48.867408,initializing,stderr,Something happened.)
2022-06-24 20:02:28,521 - Message data:(evse,2021-08-31T16:48:49.027570,initializing,stderr,Something happened.)
2022-06-24 20:02:28,521 - Message data:(ocpp,2021-08-31T16:48:49.419006,idle,stdout,Somethinghappened.)
2022-06-24 20:02:29,523 - Message data:(evse,2021-08-31T16:48:48.651504,idle,stderr,Somethinghappened.)
2022-06-24 20:02:29,523 - Message data:(ocpp,2021-08-31T16:48:48.867408,initializing,stderr,Something happened.)
2022-06-24 20:02:29,524 - Message data:(evse,2021-08-31T16:48:49.027570,initializing,stderr,Something happened.)
2022-06-24 20:02:29,524 - Message data:(ocpp,2021-08-31T16:48:49.419006,idle,stdout,Somethinghappened.)
2022-06-24 20:02:30,525 - Message data:(evse,2021-08-31T16:48:48.651504,idle,stderr,Somethinghappened.)
2022-06-24 20:02:30,526 - Message data:(ocpp,2021-08-31T16:48:48.867408,initializing,stderr,Something happened.)
2022-06-24 20:02:30,526 - Message data:(evse,2021-08-31T16:48:49.027570,initializing,stderr,Something happened.)
2022-06-24 20:02:30,526 - Message data:(ocpp,2021-08-31T16:48:49.419006,idle,stdout,Somethinghappened.)
2022-06-24 20:02:31,528 - Message data:(evse,2021-08-31T16:48:48.651504,idle,stderr,Somethinghappened.)
2022-06-24 20:02:31,528 - Message data:(ocpp,2021-08-31T16:48:48.867408,initializing,stderr,Something happened.)
2022-06-24 20:02:31,528 - Message data:(evse,2021-08-31T16:48:49.027570,initializing,stderr,Something happened.)
2022-06-24 20:02:31,529 - Message data:(ocpp,2021-08-31T16:48:49.419006,idle,stdout,Somethinghappened.)
2022-06-24 20:02:32,530 - Message data:(evse,2021-08-31T16:48:48.651504,idle,stderr,Somethinghappened.)
2022-06-24 20:02:32,531 - Message data:(ocpp,2021-08-31T16:48:48.867408,initializing,stderr,Something happened.)
2022-06-24 20:02:32,531 - Message data:(evse,2021-08-31T16:48:49.027570,initializing,stderr,Something happened.)
2022-06-24 20:02:32,532 - Message data:(ocpp,2021-08-31T16:48:49.419006,idle,stdout,Somethinghappened.)
2022-06-24 20:02:33,533 - Message data:(evse,2021-08-31T16:48:48.651504,idle,stderr,Somethinghappened.)
2022-06-24 20:02:33,534 - Message data:(ocpp,2021-08-31T16:48:48.867408,initializing,stderr,Something happened.)
2022-06-24 20:02:33,534 - Message data:(evse,2021-08-31T16:48:49.027570,initializing,stderr,Something happened.)
2022-06-24 20:02:33,534 - Message data:(ocpp,2021-08-31T16:48:49.419006,idle,stdout,Somethinghappened.)
2022-06-24 20:02:34,536 - Message data:(evse,2021-08-31T16:48:48.651504,idle,stderr,Somethinghappened.)
2022-06-24 20:02:34,536 - Message data:(ocpp,2021-08-31T16:48:48.867408,initializing,stderr,Something happened.)
2022-06-24 20:02:34,536 - Message data:(evse,2021-08-31T16:48:49.027570,initializing,stderr,Something happened.)
2022-06-24 20:02:34,537 - Message data:(ocpp,2021-08-31T16:48:49.419006,idle,stdout,Somethinghappened.)
2022-06-24 20:02:35,538 - Message data:(evse,2021-08-31T16:48:48.651504,idle,stderr,Somethinghappened.)
2022-06-24 20:02:35,539 - Message data:(ocpp,2021-08-31T16:48:48.867408,initializing,stderr,Something happened.)
2022-06-24 20:02:35,539 - Message data:(evse,2021-08-31T16:48:49.027570,initializing,stderr,Something happened.)
2022-06-24 20:02:35,539 - Message data:(ocpp,2021-08-31T16:48:49.419006,idle,stdout,Somethinghappened.)
2022-06-24 20:02:36,541 - Message data:(evse,2021-08-31T16:48:48.651504,idle,stderr,Somethinghappened.)
2022-06-24 20:02:36,822 - Message data:(ocpp,2021-08-31T16:48:48.867408,initializing,stderr,Something happened.)
2022-06-24 20:02:36,823 - Message data:(evse,2021-08-31T16:48:49.027570,initializing,stderr,Something happened.)
2022-06-24 20:02:36,823 - Message data:(ocpp,2021-08-31T16:48:49.419006,idle,stdout,Somethinghappened.)
2022-06-24 20:02:37,825 - Message data:(evse,2021-08-31T16:48:48.651504,idle,stderr,Somethinghappened.)
2022-06-24 20:02:37,825 - Message data:(ocpp,2021-08-31T16:48:48.867408,initializing,stderr,Something happened.)
2022-06-24 20:02:37,826 - Message data:(evse,2021-08-31T16:48:49.027570,initializing,stderr,Something happened.)
2022-06-24 20:02:37,826 - Message data:(ocpp,2021-08-31T16:48:49.419006,idle,stdout,Somethinghappened.)
2022-06-24 20:02:38,827 - Message data:(evse,2021-08-31T16:48:48.651504,idle,stderr,Somethinghappened.)
2022-06-24 20:02:38,828 - Message data:(ocpp,2021-08-31T16:48:48.867408,initializing,stderr,Something happened.)
2022-06-24 20:02:38,828 - Message data:(evse,2021-08-31T16:48:49.027570,initializing,stderr,Something happened.)
2022-06-24 20:02:38,829 - Message data:(ocpp,2021-08-31T16:48:49.419006,idle,stdout,Somethinghappened.)
2022-06-24 20:02:39,830 - Message data:(evse,2021-08-31T16:48:48.651504,idle,stderr,Somethinghappened.)
2022-06-24 20:02:39,831 - Message data:(ocpp,2021-08-31T16:48:48.867408,initializing,stderr,Something happened.)
2022-06-24 20:02:39,831 - Message data:(evse,2021-08-31T16:48:49.027570,initializing,stderr,Something happened.)
2022-06-24 20:02:39,831 - Message data:(ocpp,2021-08-31T16:48:49.419006,idle,stdout,Somethinghappened.)
